빌드 시작: 2016-05-13 오후 8:10:24
     1>2 노드의 "C:\Users\user\Documents\Visual Studio 2010\Projects\OptimalBinarySearchTree\OptimalBinarySearchTree\OptimalBinarySearchTree.vcxproj" 프로젝트(build 대상)입니다.
     1>InitializeBuildStatus:
         "AlwaysCreate"이(가) 지정되었기 때문에 "Debug\OptimalBinarySearchTree.unsuccessfulbuild"을(를) 만들고 있습니다.
       ClCompile:
         c:\Program Files (x86)\Microsoft Visual Studio 10.0\VC\bin\CL.exe /c /ZI /nologo /W3 /WX- /Od /Oy- /D WIN32 /D _DEBUG /D _CONSOLE /D _UNICODE /D UNICODE /Gm /EHsc /RTC1 /MD /GS /fp:precise /Zc:wchar_t /Zc:forScope /Fo"Debug\\" /Fd"Debug\vc100.pdb" /Gd /TP /analyze- /errorReport:prompt OBST.cpp
         OBST.cpp
     1>c:\users\user\documents\visual studio 2010\projects\optimalbinarysearchtree\optimalbinarysearchtree\obst.cpp(107): warning C4244: '+=' : 'float'에서 'int'(으)로 변환하면서 데이터가 손실될 수 있습니다.
       ManifestResourceCompile:
         모든 출력이 최신 상태입니다.
       Link:
         c:\Program Files (x86)\Microsoft Visual Studio 10.0\VC\bin\link.exe /ERRORREPORT:PROMPT /OUT:"C:\Users\user\Documents\Visual Studio 2010\Projects\OptimalBinarySearchTree\Debug\OptimalBinarySearchTree.exe" /INCREMENTAL /NOLOGO /MANIFEST /ManifestFile:"Debug\OptimalBinarySearchTree.exe.intermediate.manifest" /MANIFESTUAC:"level='asInvoker' uiAccess='false'" /DEBUG /PDB:"C:\Users\user\Documents\Visual Studio 2010\Projects\OptimalBinarySearchTree\Debug\OptimalBinarySearchTree.pdb" /SUBSYSTEM:CONSOLE /TLBID:1 /DYNAMICBASE /NXCOMPAT /IMPLIB:"C:\Users\user\Documents\Visual Studio 2010\Projects\OptimalBinarySearchTree\Debug\OptimalBinarySearchTree.lib" /MACHINE:X86 Debug\OptimalBinarySearchTree.exe.embed.manifest.res
         Debug\OBST.obj
       Manifest:
         C:\Program Files (x86)\Microsoft SDKs\Windows\v7.0A\bin\mt.exe /nologo /verbose /out:"Debug\OptimalBinarySearchTree.exe.embed.manifest" /manifest Debug\OptimalBinarySearchTree.exe.intermediate.manifest "c:\Program Files (x86)\Microsoft Visual Studio 10.0\VC\Include\Manifest\dpiaware.manifest"
         모든 출력이 최신 상태입니다.
       LinkEmbedManifest:
         모든 출력이 최신 상태입니다.
         OptimalBinarySearchTree.vcxproj -> C:\Users\user\Documents\Visual Studio 2010\Projects\OptimalBinarySearchTree\Debug\OptimalBinarySearchTree.exe
       FinalizeBuildStatus:
         "Debug\OptimalBinarySearchTree.unsuccessfulbuild" 파일을 삭제하고 있습니다.
         "Debug\OptimalBinarySearchTree.lastbuildstate"에 연결(touching)하고 있습니다.
     1>"C:\Users\user\Documents\Visual Studio 2010\Projects\OptimalBinarySearchTree\OptimalBinarySearchTree\OptimalBinarySearchTree.vcxproj" 프로젝트를 빌드했습니다(build 대상).

빌드했습니다.

경과 시간: 00:00:01.11
