빌드 시작: 2016-05-13 오후 7:06:45
     1>2 노드의 "C:\Users\user\documents\visual studio 2010\Projects\OptimalBinarySearchTree\OptimalBinarySearchTree\OptimalBinarySearchTree.vcxproj" 프로젝트(build 대상)입니다.
     1>InitializeBuildStatus:
         "AlwaysCreate"이(가) 지정되었기 때문에 "Release\OptimalBinarySearchTree.unsuccessfulbuild"을(를) 만들고 있습니다.
       ClCompile:
         c:\Program Files (x86)\Microsoft Visual Studio 10.0\VC\bin\CL.exe /c /Zi /nologo /W3 /WX- /O2 /Oi /Oy- /GL /D WIN32 /D NDEBUG /D _CONSOLE /D _UNICODE /D UNICODE /Gm- /EHsc /MT /GS /Gy /fp:precise /Zc:wchar_t /Zc:forScope /Fo"Release\\" /Fd"Release\vc100.pdb" /Gd /TP /analyze- /errorReport:prompt OBST.cpp
         OBST.cpp
     1>OBST.cpp(107): warning C4244: '+=' : 'float'에서 'int'(으)로 변환하면서 데이터가 손실될 수 있습니다.
       Link:
         c:\Program Files (x86)\Microsoft Visual Studio 10.0\VC\bin\link.exe /ERRORREPORT:PROMPT /OUT:"C:\Users\user\documents\visual studio 2010\Projects\OptimalBinarySearchTree\Release\OptimalBinarySearchTree.exe" /INCREMENTAL:NO /NOLOGO kernel32.lib user32.lib gdi32.lib winspool.lib comdlg32.lib advapi32.lib shell32.lib ole32.lib oleaut32.lib uuid.lib odbc32.lib odbccp32.lib /MANIFEST /ManifestFile:"Release\OptimalBinarySearchTree.exe.intermediate.manifest" /MANIFESTUAC:"level='asInvoker' uiAccess='false'" /DEBUG /PDB:"C:\Users\user\documents\visual studio 2010\Projects\OptimalBinarySearchTree\Release\OptimalBinarySearchTree.pdb" /SUBSYSTEM:CONSOLE /OPT:REF /OPT:ICF /LTCG /TLBID:1 /DYNAMICBASE /NXCOMPAT /IMPLIB:"C:\Users\user\documents\visual studio 2010\Projects\OptimalBinarySearchTree\Release\OptimalBinarySearchTree.lib" /MACHINE:X86 Release\OBST.obj
         코드를 생성하고 있습니다.
         코드를 생성했습니다.
         OptimalBinarySearchTree.vcxproj -> C:\Users\user\documents\visual studio 2010\Projects\OptimalBinarySearchTree\Release\OptimalBinarySearchTree.exe
       Manifest:
         C:\Program Files (x86)\Microsoft SDKs\Windows\v7.0A\bin\mt.exe /nologo /verbose /outputresource:"C:\Users\user\documents\visual studio 2010\Projects\OptimalBinarySearchTree\Release\OptimalBinarySearchTree.exe;#1" /manifest Release\OptimalBinarySearchTree.exe.intermediate.manifest
       FinalizeBuildStatus:
         "Release\OptimalBinarySearchTree.unsuccessfulbuild" 파일을 삭제하고 있습니다.
         "Release\OptimalBinarySearchTree.lastbuildstate"에 연결(touching)하고 있습니다.
     1>"C:\Users\user\documents\visual studio 2010\Projects\OptimalBinarySearchTree\OptimalBinarySearchTree\OptimalBinarySearchTree.vcxproj" 프로젝트를 빌드했습니다(build 대상).

빌드했습니다.

경과 시간: 00:00:07.48
